<?xml version="1.0" encoding="UTF-8"?>
<!-- Generated by org.testng.reporters.JUnitReportReporter -->
<testsuite hostname="LAPTOP-IC21KU4J" failures="0" tests="1" name="mavenforjenkins.UITest" time="8.570" errors="0" timestamp="2022-12-16T16:21:01 IST" skipped="0">
  <testcase classname="mavenforjenkins.UITest" name="startBrowser" time="8.570"/>
  <system-out/>
</testsuite> <!-- mavenforjenkins.UITest -->
